\BOOKMARK [0][-]{Doc-Start}{Todo list}{}% 1
\BOOKMARK [0][-]{chapter*.5}{Abbildungsverzeichnis}{}% 2
\BOOKMARK [0][-]{chapter*.6}{Tabellenverzeichnis}{}% 3
\BOOKMARK [0][-]{chapter*.6}{Nomenklatur}{}% 4
\BOOKMARK [0][-]{chapter.1}{Einleitung}{}% 5
\BOOKMARK [1][-]{section.1.1}{Motivation}{chapter.1}% 6
\BOOKMARK [1][-]{section.1.2}{Stand der Technik}{chapter.1}% 7
\BOOKMARK [1][-]{section.1.3}{Ziel der Arbeit}{chapter.1}% 8
\BOOKMARK [0][-]{chapter.2}{Programmbeschreibung zur Flugleistungsberechnung}{}% 9
\BOOKMARK [1][-]{section.2.1}{Aufbau des Programms}{chapter.2}% 10
\BOOKMARK [1][-]{section.2.2}{Flugleistungsberechnung}{chapter.2}% 11
\BOOKMARK [2][-]{subsection.2.2.1}{Flugger\344t}{section.2.2}% 12
\BOOKMARK [2][-]{subsection.2.2.2}{Missionsparameter}{section.2.2}% 13
\BOOKMARK [2][-]{subsection.2.2.3}{Umgebungsparameter und Diskretisierung variabler Umgebungsparameter}{section.2.2}% 14
\BOOKMARK [2][-]{subsection.2.2.4}{Schubberechnung}{section.2.2}% 15
\BOOKMARK [2][-]{subsection.2.2.5}{Propellerzustand}{section.2.2}% 16
\BOOKMARK [2][-]{subsection.2.2.6}{Motorzustand}{section.2.2}% 17
\BOOKMARK [2][-]{subsection.2.2.7}{Zustand der Motorregler}{section.2.2}% 18
\BOOKMARK [2][-]{subsection.2.2.8}{Batteriezustand}{section.2.2}% 19
\BOOKMARK [2][-]{subsection.2.2.9}{Wirkungsgrad \374ber das Gesamtsystem}{section.2.2}% 20
\BOOKMARK [2][-]{subsection.2.2.10}{Einhaltung technischer Grenzen}{section.2.2}% 21
\BOOKMARK [1][-]{section.2.3}{Vernachl\344ssigungen und Vereinfachungen}{chapter.2}% 22
\BOOKMARK [2][-]{subsection.2.3.1}{Einschr\344nkungen}{section.2.3}% 23
\BOOKMARK [2][-]{subsection.2.3.2}{Vereinfachungen}{section.2.3}% 24
\BOOKMARK [0][-]{chapter.3}{Nachbildung des Quadrocopterflugs auf 10 km H\366he}{}% 25
\BOOKMARK [1][-]{section.3.1}{Komponenten des Quadrocopters und Umgebungsbedingungen}{chapter.3}% 26
\BOOKMARK [1][-]{section.3.2}{Ergebnis der Flugleistungsberechnung}{chapter.3}% 27
\BOOKMARK [1][-]{section.3.3}{Diskussion}{chapter.3}% 28
\BOOKMARK [0][-]{chapter.4}{Optimierung einzelner Parameter}{}% 29
\BOOKMARK [1][-]{section.4.1}{Einleitung und Vorgehensweise}{chapter.4}% 30
\BOOKMARK [1][-]{section.4.2}{Multicopter im Vergleich zu einem Fl\344chenflugzeug}{chapter.4}% 31
\BOOKMARK [2][-]{subsection.4.2.1}{Erste Untersuchung}{section.4.2}% 32
\BOOKMARK [2][-]{subsection.4.2.2}{Einflussfaktoren auf das Fl\344chenflugzeug}{section.4.2}% 33
\BOOKMARK [2][-]{subsection.4.2.3}{Ergebnisse des Vergleichs}{section.4.2}% 34
\BOOKMARK [1][-]{section.4.3}{Steiggeschwindigkeit}{chapter.4}% 35
\BOOKMARK [2][-]{subsection.4.3.1}{Ergebnis}{section.4.3}% 36
\BOOKMARK [2][-]{subsection.4.3.2}{Einfluss des Widerstands}{section.4.3}% 37
\BOOKMARK [2][-]{subsection.4.3.3}{Einfluss der Anzahl der Batteriezellen}{section.4.3}% 38
\BOOKMARK [2][-]{subsection.4.3.4}{Bedeutung des Reglerwirkungsgrades}{section.4.3}% 39
\BOOKMARK [2][-]{subsection.4.3.5}{Einfluss des maximalen Motorstroms}{section.4.3}% 40
\BOOKMARK [1][-]{section.4.4}{Massenverteilung}{chapter.4}% 41
\BOOKMARK [2][-]{subsection.4.4.1}{Ergebnisse}{section.4.4}% 42
\BOOKMARK [1][-]{section.4.5}{Gr\366\337e und Anzahl der Propeller des Flugger\344tes}{chapter.4}% 43
\BOOKMARK [2][-]{subsection.4.5.1}{Ergebnisse}{section.4.5}% 44
\BOOKMARK [2][-]{subsection.4.5.2}{Anzahl der Propeller}{section.4.5}% 45
\BOOKMARK [2][-]{subsection.4.5.3}{Ergebnisse}{section.4.5}% 46
\BOOKMARK [1][-]{section.4.6}{Verstellpropeller}{chapter.4}% 47
\BOOKMARK [2][-]{subsection.4.6.1}{Ergebnisse}{section.4.6}% 48
\BOOKMARK [1][-]{section.4.7}{Stufenloses Getriebe}{chapter.4}% 49
\BOOKMARK [2][-]{subsection.4.7.1}{Ergebnisse}{section.4.7}% 50
\BOOKMARK [1][-]{section.4.8}{Randbedingungen des Aeromot\137UAV-Projekts}{chapter.4}% 51
\BOOKMARK [0][-]{chapter.5}{Zusammenfassung und Ausblick}{}% 52
\BOOKMARK [1][-]{section.5.1}{Zusammenfassung}{chapter.5}% 53
\BOOKMARK [1][-]{section.5.2}{Ausblick}{chapter.5}% 54
\BOOKMARK [0][-]{chapter.6}{Projektmanagement}{}% 55
\BOOKMARK [1][-]{section.6.1}{Projektstrukturplan}{chapter.6}% 56
\BOOKMARK [1][-]{section.6.2}{Zeitplan}{chapter.6}% 57
\BOOKMARK [0][-]{appendix.A}{Anhang}{}% 58
\BOOKMARK [1][-]{section.A.1}{Fl\344chenflugzeug}{appendix.A}% 59
\BOOKMARK [1][-]{section.A.2}{Propeller}{appendix.A}% 60
\BOOKMARK [1][-]{section.A.3}{Motor}{appendix.A}% 61
\BOOKMARK [1][-]{section.A.4}{Batteriekapazit\344t}{appendix.A}% 62
\BOOKMARK [1][-]{section.A.5}{Vergleich von normierter zur originalen Batteriezelle}{appendix.A}% 63
\BOOKMARK [1][-]{section.A.6}{Steiggeschwindigkeit}{appendix.A}% 64
\BOOKMARK [1][-]{section.A.7}{Motorreglerwirkungsgrad}{appendix.A}% 65
\BOOKMARK [1][-]{section.A.8}{Batteriemasse}{appendix.A}% 66
\BOOKMARK [1][-]{section.A.9}{Verstellpropeller}{appendix.A}% 67
\BOOKMARK [1][-]{section.A.10}{Getriebe}{appendix.A}% 68
