\BOOKMARK [0][-]{chapter*.5}{Abbildungsverzeichnis}{}% 1
\BOOKMARK [0][-]{chapter*.6}{Tabellenverzeichnis}{}% 2
\BOOKMARK [0][-]{chapter*.6}{Nomenklatur}{}% 3
\BOOKMARK [0][-]{chapter.1}{Einleitung}{}% 4
\BOOKMARK [1][-]{section.1.1}{Motivation}{chapter.1}% 5
\BOOKMARK [1][-]{section.1.2}{Stand der Technik}{chapter.1}% 6
\BOOKMARK [1][-]{section.1.3}{Ziel der Arbeit}{chapter.1}% 7
\BOOKMARK [0][-]{chapter.2}{Programmbeschreibung zur Flugleistungsberechnung}{}% 8
\BOOKMARK [1][-]{section.2.1}{Aufbau des Programms}{chapter.2}% 9
\BOOKMARK [1][-]{section.2.2}{Flugleistungsberechnung}{chapter.2}% 10
\BOOKMARK [2][-]{subsection.2.2.1}{Flugger\344t}{section.2.2}% 11
\BOOKMARK [2][-]{subsection.2.2.2}{Missionsparameter}{section.2.2}% 12
\BOOKMARK [2][-]{subsection.2.2.3}{Umgebungsparameter und Diskretisierung variabler Umgebungsparameter}{section.2.2}% 13
\BOOKMARK [2][-]{subsection.2.2.4}{Schubberechnung}{section.2.2}% 14
\BOOKMARK [2][-]{subsection.2.2.5}{Propellerzustand}{section.2.2}% 15
\BOOKMARK [2][-]{subsection.2.2.6}{Motorzustand}{section.2.2}% 16
\BOOKMARK [2][-]{subsection.2.2.7}{Zustand der Motorregler}{section.2.2}% 17
\BOOKMARK [2][-]{subsection.2.2.8}{Batteriezustand}{section.2.2}% 18
\BOOKMARK [2][-]{subsection.2.2.9}{Wirkungsgrad \374ber das Gesamtsystem}{section.2.2}% 19
\BOOKMARK [2][-]{subsection.2.2.10}{Einhaltung technischer Grenzen}{section.2.2}% 20
\BOOKMARK [1][-]{section.2.3}{Vernachl\344ssigungen und Vereinfachungen}{chapter.2}% 21
\BOOKMARK [2][-]{subsection.2.3.1}{Einschr\344nkungen}{section.2.3}% 22
\BOOKMARK [2][-]{subsection.2.3.2}{Vereinfachungen}{section.2.3}% 23
\BOOKMARK [0][-]{chapter.3}{Nachbildung des Quadrocopterflugs auf 10 km H\366he}{}% 24
\BOOKMARK [1][-]{section.3.1}{Komponenten des Quadrocopters und Umgebungsbedingungen}{chapter.3}% 25
\BOOKMARK [1][-]{section.3.2}{Ergebnis der Flugleistungsberechnung}{chapter.3}% 26
\BOOKMARK [1][-]{section.3.3}{Diskussion}{chapter.3}% 27
\BOOKMARK [0][-]{chapter.4}{Vergleich eines Fl\344chenflugzeugs mit dem Quadrocopter}{}% 28
\BOOKMARK [1][-]{section.4.1}{Einfluss der Bahngeschwindigkeit auf den Quadrocopterflug}{chapter.4}% 29
\BOOKMARK [1][-]{section.4.2}{Fl\344chenflugzeug-Referenzkonfiguration}{chapter.4}% 30
\BOOKMARK [1][-]{section.4.3}{Einflussfaktoren auf das Fl\344chenflugzeug}{chapter.4}% 31
\BOOKMARK [2][-]{subsection.4.3.1}{Propeller}{section.4.3}% 32
\BOOKMARK [2][-]{subsection.4.3.2}{Motor-Propeller Kombination}{section.4.3}% 33
\BOOKMARK [2][-]{subsection.4.3.3}{Anzahl der Motoren und Propeller}{section.4.3}% 34
\BOOKMARK [2][-]{subsection.4.3.4}{Gleitzahl}{section.4.3}% 35
\BOOKMARK [2][-]{subsection.4.3.5}{Auslegungsgeschwindigkeit}{section.4.3}% 36
\BOOKMARK [2][-]{subsection.4.3.6}{Penalty-Faktor}{section.4.3}% 37
\BOOKMARK [2][-]{subsection.4.3.7}{Zusammenfassung}{section.4.3}% 38
\BOOKMARK [1][-]{section.4.4}{Ergebnisse des Vergleichs}{chapter.4}% 39
\BOOKMARK [0][-]{chapter.5}{Optimierung weiterer Parameter}{}% 40
\BOOKMARK [1][-]{section.5.1}{Multicopter-Referenzkonfiguration}{chapter.5}% 41
\BOOKMARK [1][-]{section.5.2}{Einflussfaktoren auf die Multicopter-Referenzkonfiguration}{chapter.5}% 42
\BOOKMARK [2][-]{subsection.5.2.1}{Einfluss des Luftwiderstands}{section.5.2}% 43
\BOOKMARK [2][-]{subsection.5.2.2}{Einfluss der Batteriespannung}{section.5.2}% 44
\BOOKMARK [2][-]{subsection.5.2.3}{Einfluss des Motorreglerwirkungsgrades}{section.5.2}% 45
\BOOKMARK [2][-]{subsection.5.2.4}{Einfluss des maximalen Motorstroms}{section.5.2}% 46
\BOOKMARK [2][-]{subsection.5.2.5}{Massenanteile der Komponenten}{section.5.2}% 47
\BOOKMARK [2][-]{subsection.5.2.6}{Einfluss der Gr\366\337e}{section.5.2}% 48
\BOOKMARK [2][-]{subsection.5.2.7}{Anzahl der Propeller}{section.5.2}% 49
\BOOKMARK [2][-]{subsection.5.2.8}{Einfluss eines Verstellpropellers}{section.5.2}% 50
\BOOKMARK [2][-]{subsection.5.2.9}{Einfluss eines stufenlosen Getriebes}{section.5.2}% 51
\BOOKMARK [1][-]{section.5.3}{Vorschlag einer optimalen L\366sung}{chapter.5}% 52
\BOOKMARK [2][-]{subsection.5.3.1}{Vor\374berlegungen}{section.5.3}% 53
\BOOKMARK [2][-]{subsection.5.3.2}{Ideale Randbedingungen}{section.5.3}% 54
\BOOKMARK [2][-]{subsection.5.3.3}{AEROMET\137UAV Randbedingungen}{section.5.3}% 55
\BOOKMARK [2][-]{subsection.5.3.4}{Zusammenfassung}{section.5.3}% 56
\BOOKMARK [0][-]{chapter.6}{Zusammenfassung und Ausblick}{}% 57
\BOOKMARK [1][-]{section.6.1}{Zusammenfassung}{chapter.6}% 58
\BOOKMARK [1][-]{section.6.2}{Ausblick}{chapter.6}% 59
\BOOKMARK [0][-]{appendix.A}{Anhang}{}% 60
\BOOKMARK [1][-]{section.A.1}{Fl\344chenflugzeug}{appendix.A}% 61
\BOOKMARK [1][-]{section.A.2}{Propeller}{appendix.A}% 62
\BOOKMARK [1][-]{section.A.3}{Motor}{appendix.A}% 63
\BOOKMARK [1][-]{section.A.4}{Motorregler}{appendix.A}% 64
\BOOKMARK [1][-]{section.A.5}{Batteriekapazit\344t}{appendix.A}% 65
\BOOKMARK [1][-]{section.A.6}{Vergleich von normierter zur originalen Batteriezelle}{appendix.A}% 66
\BOOKMARK [1][-]{section.A.7}{Steiggeschwindigkeit}{appendix.A}% 67
\BOOKMARK [1][-]{section.A.8}{Motorreglerwirkungsgrad}{appendix.A}% 68
\BOOKMARK [1][-]{section.A.9}{Batteriemasse}{appendix.A}% 69
\BOOKMARK [1][-]{section.A.10}{Verstellpropeller}{appendix.A}% 70
\BOOKMARK [1][-]{section.A.11}{Getriebe}{appendix.A}% 71
\BOOKMARK [1][-]{section.A.12}{Einfluss der Nutzlast}{appendix.A}% 72
\BOOKMARK [0][-]{appendix.A}{Projektmanagement}{}% 73
\BOOKMARK [1][-]{section.A.1}{Projektstrukturplan}{appendix.A}% 74
\BOOKMARK [1][-]{section.A.2}{Zeitplan}{appendix.A}% 75
